d:\users\praveens\source\repos\github\nativec++lib_to_managedapp\mathutilsclr\x64\debug\mathutilsclr.pch
d:\users\praveens\source\repos\github\nativec++lib_to_managedapp\mathutilsclr\x64\debug\vc143.pdb
d:\users\praveens\source\repos\github\nativec++lib_to_managedapp\mathutilsclr\x64\debug\pch.obj
d:\users\praveens\source\repos\github\nativec++lib_to_managedapp\mathutilsclr\x64\debug\mathutilsclr.obj
d:\users\praveens\source\repos\github\nativec++lib_to_managedapp\mathutilsclr\x64\debug\assemblyinfo.obj
d:\users\praveens\source\repos\github\nativec++lib_to_managedapp\mathutilsclr\x64\debug\.netcoreapp,version=v8.0.assemblyattributes.obj
d:\users\praveens\source\repos\github\nativec++lib_to_managedapp\x64\debug\mathutilsclr.dll
d:\users\praveens\source\repos\github\nativec++lib_to_managedapp\x64\debug\mathutilsclr.pdb
d:\users\praveens\source\repos\github\nativec++lib_to_managedapp\mathutilsclr\x64\debug\app.res
d:\users\praveens\source\repos\github\nativec++lib_to_managedapp\mathutilsclr\x64\debug\mathutilsclr.vcxproj.assemblyreference.cache
d:\users\praveens\source\repos\github\nativec++lib_to_managedapp\mathutilsclr\x64\debug\mathutilsclr.tlog\cl.command.1.tlog
d:\users\praveens\source\repos\github\nativec++lib_to_managedapp\mathutilsclr\x64\debug\mathutilsclr.tlog\cl.items.tlog
d:\users\praveens\source\repos\github\nativec++lib_to_managedapp\mathutilsclr\x64\debug\mathutilsclr.tlog\cl.read.1.tlog
d:\users\praveens\source\repos\github\nativec++lib_to_managedapp\mathutilsclr\x64\debug\mathutilsclr.tlog\cl.write.1.tlog
d:\users\praveens\source\repos\github\nativec++lib_to_managedapp\mathutilsclr\x64\debug\mathutilsclr.tlog\link.command.1.tlog
d:\users\praveens\source\repos\github\nativec++lib_to_managedapp\mathutilsclr\x64\debug\mathutilsclr.tlog\link.read.1.tlog
d:\users\praveens\source\repos\github\nativec++lib_to_managedapp\mathutilsclr\x64\debug\mathutilsclr.tlog\link.secondary.1.tlog
d:\users\praveens\source\repos\github\nativec++lib_to_managedapp\mathutilsclr\x64\debug\mathutilsclr.tlog\link.write.1.tlog
d:\users\praveens\source\repos\github\nativec++lib_to_managedapp\mathutilsclr\x64\debug\mathutilsclr.tlog\rc.command.1.tlog
d:\users\praveens\source\repos\github\nativec++lib_to_managedapp\mathutilsclr\x64\debug\mathutilsclr.tlog\rc.read.1.tlog
d:\users\praveens\source\repos\github\nativec++lib_to_managedapp\mathutilsclr\x64\debug\mathutilsclr.tlog\rc.write.1.tlog
